[debug] [2024-10-20T21:46:02.442Z] ----------------------------------------------------------------------
[debug] [2024-10-20T21:46:02.444Z] Command:       C:\Program Files\nodejs\node.exe C:\Program Files\nodejs\node_modules\firebase-tools\lib\bin\firebase.js init
[debug] [2024-10-20T21:46:02.444Z] CLI Version:   13.22.1
[debug] [2024-10-20T21:46:02.445Z] Platform:      win32
[debug] [2024-10-20T21:46:02.445Z] Node Version:  v20.18.0
[debug] [2024-10-20T21:46:02.445Z] Time:          Mon Oct 21 2024 04:46:02 GMT+0700 (Western Indonesia Time)
[debug] [2024-10-20T21:46:02.445Z] ----------------------------------------------------------------------
[debug] 
[debug] [2024-10-20T21:46:02.452Z] > command requires scopes: ["email","openid","https://www.googleapis.com/auth/cloudplatformprojects.readonly","https://www.googleapis.com/auth/firebase","https://www.googleapis.com/auth/cloud-platform"]
[debug] [2024-10-20T21:46:02.453Z] > authorizing via signed-in user (yustinaaadni@gmail.com)
[info] 
     ######## #### ########  ######## ########     ###     ######  ########
     ##        ##  ##     ## ##       ##     ##  ##   ##  ##       ##
     ######    ##  ########  ######   ########  #########  ######  ######
     ##        ##  ##    ##  ##       ##     ## ##     ##       ## ##
     ##       #### ##     ## ######## ########  ##     ##  ######  ########

You're about to initialize a Firebase project in this directory:

  D:\project\next-gps-sim

[info] 
=== Project Setup
[info] 
[info] First, let's associate this project directory with a Firebase project.
[info] You can create multiple project aliases by running firebase use --add, 
[info] but for now we'll just set up a default project.
[info] 
[debug] [2024-10-20T21:46:26.486Z] Checked if tokens are valid: true, expires at: 1729464319941
[debug] [2024-10-20T21:46:26.487Z] Checked if tokens are valid: true, expires at: 1729464319941
[debug] [2024-10-20T21:46:26.488Z] >>> [apiv2][query] GET https://firebase.googleapis.com/v1beta1/projects pageSize=100
[debug] [2024-10-20T21:46:27.353Z] <<< [apiv2][status] GET https://firebase.googleapis.com/v1beta1/projects 200
[debug] [2024-10-20T21:46:27.353Z] <<< [apiv2][body] GET https://firebase.googleapis.com/v1beta1/projects [omitted]
[info] i  Using project gps-sim800 (gps-sim800) 
[info] 
=== Hosting Setup
[debug] [2024-10-20T21:46:30.180Z] Checked if tokens are valid: true, expires at: 1729464319941
[debug] [2024-10-20T21:46:30.180Z] Checked if tokens are valid: true, expires at: 1729464319941
[debug] [2024-10-20T21:46:30.180Z] >>> [apiv2][query] GET https://firebase.googleapis.com/v1beta1/projects/gps-sim800 [none]
[debug] [2024-10-20T21:46:30.705Z] <<< [apiv2][status] GET https://firebase.googleapis.com/v1beta1/projects/gps-sim800 200
[debug] [2024-10-20T21:46:30.705Z] <<< [apiv2][body] GET https://firebase.googleapis.com/v1beta1/projects/gps-sim800 {"projectId":"gps-sim800","projectNumber":"235680474693","displayName":"gps-sim800","name":"projects/gps-sim800","resources":{"hostingSite":"gps-sim800","realtimeDatabaseInstance":"gps-sim800-default-rtdb"},"state":"ACTIVE","etag":"1_316ecb56-a697-46bf-bb48-33a514441bd8"}
[info] 
[info] Your public directory is the folder (relative to your project directory) that
[info] will contain Hosting assets to be uploaded with firebase deploy. If you
[info] have a build process for your assets, use your build's output directory.
[info] 
[info] +  Wrote public/404.html 
[debug] [2024-10-20T21:47:35.140Z] >>> [apiv2][query] GET https://www.gstatic.com/firebasejs/releases.json [none]
[debug] [2024-10-20T21:47:35.269Z] <<< [apiv2][status] GET https://www.gstatic.com/firebasejs/releases.json 200
[debug] [2024-10-20T21:47:35.269Z] <<< [apiv2][body] GET https://www.gstatic.com/firebasejs/releases.json {"current":{"version":"10.14.1","browserURL":"https://www.gstatic.com/firebasejs/10.14.1/firebase.js","packageURL":"https://www.gstatic.com/firebasejs/10.14.1/firebase.tgz"},"live":{"version":"10.14","browserURL":"https://www.gstatic.com/firebasejs/live/10.14/firebase.js","packageURL":"https://www.gstatic.com/firebasejs/live/10.14/firebase.tgz"},"components":{"analytics":"https://www.gstatic.com/firebasejs/10.14.1/firebase-analytics.js","app":"https://www.gstatic.com/firebasejs/10.14.1/firebase-app.js","app-check":"https://www.gstatic.com/firebasejs/10.14.1/firebase-app-check.js","auth":"https://www.gstatic.com/firebasejs/10.14.1/firebase-auth.js","auth/cordova":"https://www.gstatic.com/firebasejs/10.14.1/firebase-auth/cordova.js","auth/web-extension":"https://www.gstatic.com/firebasejs/10.14.1/firebase-auth/web-extension.js","functions":"https://www.gstatic.com/firebasejs/10.14.1/firebase-functions.js","firestore":"https://www.gstatic.com/firebasejs/10.14.1/firebase-firestore.js","firestore/lite":"https://www.gstatic.com/firebasejs/10.14.1/firebase-firestore/lite.js","installations":"https://www.gstatic.com/firebasejs/10.14.1/firebase-installations.js","storage":"https://www.gstatic.com/firebasejs/10.14.1/firebase-storage.js","performance":"https://www.gstatic.com/firebasejs/10.14.1/firebase-performance.js","remote-config":"https://www.gstatic.com/firebasejs/10.14.1/firebase-remote-config.js","messaging":"https://www.gstatic.com/firebasejs/10.14.1/firebase-messaging.js","messaging/sw":"https://www.gstatic.com/firebasejs/10.14.1/firebase-messaging/sw.js","database":"https://www.gstatic.com/firebasejs/10.14.1/firebase-database.js","data-connect":"https://www.gstatic.com/firebasejs/10.14.1/firebase-data-connect.js","vertexai-preview":"https://www.gstatic.com/firebasejs/10.14.1/firebase-vertexai-preview.js","firestore.memory":"https://www.gstatic.com/firebasejs/10.14.1/firebase-firestore.memory.js"}}
[info] +  Wrote public/index.html 
[info] 
[info] i  Detected a .git folder at D:\project\next-gps-sim 
[info] i  Authorizing with GitHub to upload your service account to a GitHub repository's secrets store. 
[info] 
[info] Visit this URL on this device to log in:
[info] https://github.com/login/oauth/authorize?client_id=89cf50f02ac6aaed3484&state=600818533&redirect_uri=http%3A%2F%2Flocalhost%3A9005&scope=read%3Auser%20repo%20public_repo
[info] 
[info] Waiting for authentication...
